{"log_level": "INFO", "log_file": "./logs/sclip.log", "event": "Logging configured", "logger": "app.utils.logger", "level": "info", "timestamp": "2025-08-08T22:36:20.062988Z"}
{"event": "Google Custom Search Service initialized with engine ID: None", "logger": "app.services.google_search", "level": "info", "timestamp": "2025-08-08T22:36:20.063481Z"}
{"event": "No API key", "logger": "app.services.pexels_api", "level": "info", "timestamp": "2025-08-08T22:36:20.064480Z"}
{"event": "Media Downloader Service initialized", "logger": "app.services.media_downloader", "level": "info", "timestamp": "2025-08-08T22:36:20.085652Z"}
{"event": "B-roll finder tool called with topic: Lionel Messi football highlights, sources: ['pexels']", "logger": "app.tools.broll_finder", "level": "info", "timestamp": "2025-08-08T22:36:20.105660Z"}
{"event": "Starting B-roll search for topic: Lionel Messi football highlights", "logger": "app.tools.broll_finder", "level": "info", "timestamp": "2025-08-08T22:36:20.106136Z"}
{"event": "Searching external sources...", "logger": "app.tools.broll_finder", "level": "info", "timestamp": "2025-08-08T22:36:20.106327Z"}
{"event": "Pexels API key not configured", "logger": "app.tools.broll_finder", "level": "warning", "timestamp": "2025-08-08T22:36:20.106508Z"}
{"event": "Pexels search found 0 items", "logger": "app.tools.broll_finder", "level": "info", "timestamp": "2025-08-08T22:36:20.106815Z"}
{"event": "External search found 0 items", "logger": "app.tools.broll_finder", "level": "info", "timestamp": "2025-08-08T22:36:20.107049Z"}
{"event": "No B-roll content found, returning empty result", "logger": "app.tools.broll_finder", "level": "warning", "timestamp": "2025-08-08T22:36:20.107308Z"}
{"event": "No B-roll content found for topic: Lionel Messi football highlights", "logger": "app.tools.broll_finder", "level": "warning", "timestamp": "2025-08-08T22:36:20.107569Z"}
{"event": "Tool initialized: video_processor v2.0.0", "logger": "app.tools.base_tool", "level": "info", "timestamp": "2025-08-08T22:36:20.108265Z"}
{"event": "Loaded 51 effects", "logger": "app.tools.video_processor", "level": "info", "timestamp": "2025-08-08T22:36:20.108857Z"}
{"event": "Loaded 51 transitions", "logger": "app.tools.video_processor", "level": "info", "timestamp": "2025-08-08T22:36:20.109514Z"}
{"event": "Loaded 52 filters", "logger": "app.tools.video_processor", "level": "info", "timestamp": "2025-08-08T22:36:20.110116Z"}
{"event": "Video Processor initialized with 51 effects, 51 transitions", "logger": "app.tools.video_processor", "level": "info", "timestamp": "2025-08-08T22:36:20.110694Z"}
{"event": "Processing video with 1 B-roll clips, 1 effects, 0 timeline edits", "logger": "app.tools.video_processor", "level": "info", "timestamp": "2025-08-08T22:36:20.113023Z"}
{"event": "Audio path: test_files\\test_audio.mp3", "logger": "app.tools.video_processor", "level": "info", "timestamp": "2025-08-08T22:36:20.113347Z"}
{"event": "FFprobe failed for audio: ", "logger": "app.tools.video_processor", "level": "error", "timestamp": "2025-08-08T22:36:20.241071Z"}
{"event": "Audio duration: 0.00 seconds", "logger": "app.tools.video_processor", "level": "info", "timestamp": "2025-08-08T22:36:20.242213Z"}
{"event": "Failed to process clip 0: ffmpeg version N-119024-g226fcc7258-20250328 Copyright (c) 2000-2025 the FFmpeg developers\n  built with gcc 14.2.0 (crosstool-NG 1.27.0.18_7458341)\n  configuration: --prefix=/ffbuild/prefix --pkg-config-flags=--static --pkg-config=pkg-config --cross-prefix=x86_64-w64-mingw32- --arch=x86_64 --target-os=mingw32 --enable-gpl --enable-version3 --disable-debug --enable-shared --disable-static --disable-w32threads --enable-pthreads --enable-iconv --enable-zlib --enable-libfreetype --enable-libfribidi --enable-gmp --enable-libxml2 --enable-lzma --enable-fontconfig --enable-libharfbuzz --enable-libvorbis --enable-opencl --disable-libpulse --enable-libvmaf --disable-libxcb --disable-xlib --enable-amf --enable-libaom --enable-libaribb24 --enable-avisynth --enable-chromaprint --enable-libdav1d --enable-libdavs2 --enable-libdvdread --enable-libdvdnav --disable-libfdk-aac --enable-ffnvcodec --enable-cuda-llvm --enable-frei0r --enable-libgme --enable-libkvazaar --enable-libaribcaption --enable-libass --enable-libbluray --enable-libjxl --enable-libmp3lame --enable-libopus --enable-librist --enable-libssh --enable-libtheora --enable-libvpx --enable-libwebp --enable-libzmq --enable-lv2 --enable-libvpl --enable-openal --enable-libopencore-amrnb --enable-libopencore-amrwb --enable-libopenh264 --enable-libopenjpeg --enable-libopenmpt --enable-librav1e --enable-librubberband --enable-schannel --enable-sdl2 --enable-libsnappy --enable-libsoxr --enable-libsrt --enable-libsvtav1 --enable-libtwolame --enable-libuavs3d --disable-libdrm --enable-vaapi --enable-libvidstab --enable-vulkan --enable-libshaderc --enable-libplacebo --disable-libvvenc --enable-libx264 --enable-libx265 --enable-libxavs2 --enable-libxvid --enable-libzimg --enable-libzvbi --extra-cflags=-DLIBTWOLAME_STATIC --extra-cxxflags= --extra-libs=-lgomp --extra-ldflags=-pthread --extra-ldexeflags= --cc=x86_64-w64-mingw32-gcc --cxx=x86_64-w64-mingw32-g++ --ar=x86_64-w64-mingw32-gcc-ar --ranlib=x86_64-w64-mingw32-gcc-ranlib --nm=x86_64-w64-mingw32-gcc-nm --extra-version=20250328\n  libavutil      59. 60.100 / 59. 60.100\n  libavcodec     61. 33.102 / 61. 33.102\n  libavformat    61.  9.108 / 61.  9.108\n  libavdevice    61.  4.100 / 61.  4.100\n  libavfilter    10.  9.100 / 10.  9.100\n  libswscale      8. 13.103 /  8. 13.103\n  libswresample   5.  4.100 /  5.  4.100\n  libpostproc    58.  4.100 / 58.  4.100\n[mov,mp4,m4a,3gp,3g2,mj2 @ 000001ca37127f80] Format mov,mp4,m4a,3gp,3g2,mj2 detected only with low score of 1, misdetection possible!\n[mov,mp4,m4a,3gp,3g2,mj2 @ 000001ca37127f80] moov atom not found\n[in#0 @ 000001ca3711c700] Error opening input: Invalid data found when processing input\nError opening input file test_files\\test_video.mp4.\nError opening input files: Invalid data found when processing input\n", "logger": "app.tools.video_processor", "level": "error", "timestamp": "2025-08-08T22:36:20.298194Z"}
{"event": "No clips were successfully processed, creating audio-only video", "logger": "app.tools.video_processor", "level": "warning", "timestamp": "2025-08-08T22:36:20.304149Z"}
{"event": "FFprobe failed for audio: ", "logger": "app.tools.video_processor", "level": "error", "timestamp": "2025-08-08T22:36:20.333276Z"}
{"event": "Error processing video: Failed to create audio-only video", "logger": "app.tools.video_processor", "level": "error", "timestamp": "2025-08-08T22:36:20.360700Z"}
